2022-11-17 08:11:10 [127.0.0.1][-][-][error][yii\di\NotInstantiableException] ReflectionException: Class "app\api\modules\v1\Module" does not exist in /home/hana/basic/vendor/yiisoft/yii2/di/Container.php:507
Stack trace:
#0 /home/hana/basic/vendor/yiisoft/yii2/di/Container.php(507): ReflectionClass->__construct()
#1 /home/hana/basic/vendor/yiisoft/yii2/di/Container.php(385): yii\di\Container->getDependencies()
#2 /home/hana/basic/vendor/yiisoft/yii2/di/Container.php(170): yii\di\Container->build()
#3 /home/hana/basic/vendor/yiisoft/yii2/BaseYii.php(365): yii\di\Container->get()
#4 /home/hana/basic/vendor/yiisoft/yii2/base/Module.php(445): yii\BaseYii::createObject()
#5 /home/hana/basic/vendor/yiisoft/yii2/base/Module.php(610): yii\base\Module->getModule()
#6 /home/hana/basic/vendor/yiisoft/yii2/base/Module.php(546): yii\base\Module->createController()
#7 /home/hana/basic/vendor/yiisoft/yii2/web/Application.php(103): yii\base\Module->runAction()
#8 /home/hana/basic/vendor/yiisoft/yii2/base/Application.php(384): yii\web\Application->handleRequest()
#9 /home/hana/basic/api/index.php(13): yii\base\Application->run()
#10 {main}

Next yii\di\NotInstantiableException: Failed to instantiate component or class "app\api\modules\v1\Module". in /home/hana/basic/vendor/yiisoft/yii2/di/Container.php:509
Stack trace:
#0 /home/hana/basic/vendor/yiisoft/yii2/di/Container.php(385): yii\di\Container->getDependencies()
#1 /home/hana/basic/vendor/yiisoft/yii2/di/Container.php(170): yii\di\Container->build()
#2 /home/hana/basic/vendor/yiisoft/yii2/BaseYii.php(365): yii\di\Container->get()
#3 /home/hana/basic/vendor/yiisoft/yii2/base/Module.php(445): yii\BaseYii::createObject()
#4 /home/hana/basic/vendor/yiisoft/yii2/base/Module.php(610): yii\base\Module->getModule()
#5 /home/hana/basic/vendor/yiisoft/yii2/base/Module.php(546): yii\base\Module->createController()
#6 /home/hana/basic/vendor/yiisoft/yii2/web/Application.php(103): yii\base\Module->runAction()
#7 /home/hana/basic/vendor/yiisoft/yii2/base/Application.php(384): yii\web\Application->handleRequest()
#8 /home/hana/basic/api/index.php(13): yii\base\Application->run()
#9 {main}
2022-11-17 08:11:10 [127.0.0.1][-][-][info][application] $_GET = []

$_POST = []

$_FILES = []

$_COOKIE = []

$_SERVER = [
    'REDIRECT_SCRIPT_URL' => '/v1/post/index/'
    'REDIRECT_SCRIPT_URI' => 'http://yii2-api.local/v1/post/index/'
    'REDIRECT_STATUS' => '200'
    'SCRIPT_URL' => '/v1/post/index/'
    'SCRIPT_URI' => 'http://yii2-api.local/v1/post/index/'
    'HTTP_HOST' => 'yii2-api.local'
    'HTTP_CONNECTION' => 'keep-alive'
    'HTTP_PRAGMA' => 'no-cache'
    'HTTP_CACHE_CONTROL' => 'no-cache'
    'HTTP_UPGRADE_INSECURE_REQUESTS' => '1'
    'HTTP_USER_AGENT' => 'Mozilla/5.0 (X11; Linux x86_64) AppleWebKit/537.36 (KHTML, like Gecko) Chrome/106.0.0.0 Safari/537.36'
    'HTTP_ACCEPT' => 'text/html,application/xhtml+xml,application/xml;q=0.9,image/avif,image/webp,image/apng,*/*;q=0.8,application/signed-exchange;v=b3;q=0.9'
    'HTTP_ACCEPT_ENCODING' => 'gzip, deflate'
    'HTTP_ACCEPT_LANGUAGE' => 'en-US,en;q=0.9'
    'PATH' => '/usr/local/sbin:/usr/local/bin:/usr/sbin:/usr/bin:/sbin:/bin:/snap/bin'
    'SERVER_SIGNATURE' => '<address>Apache/2.4.52 (Ubuntu) Server at yii2-api.local Port 80</address>
'
    'SERVER_SOFTWARE' => 'Apache/2.4.52 (Ubuntu)'
    'SERVER_NAME' => 'yii2-api.local'
    'SERVER_ADDR' => '127.0.0.1'
    'SERVER_PORT' => '80'
    'REMOTE_ADDR' => '127.0.0.1'
    'DOCUMENT_ROOT' => '/home/hana/basic/api/'
    'REQUEST_SCHEME' => 'http'
    'CONTEXT_PREFIX' => ''
    'CONTEXT_DOCUMENT_ROOT' => '/home/hana/basic/api/'
    'SERVER_ADMIN' => 'admin@example.com'
    'SCRIPT_FILENAME' => '/home/hana/basic/api/index.php'
    'REMOTE_PORT' => '46516'
    'REDIRECT_URL' => '/v1/post/index/'
    'GATEWAY_INTERFACE' => 'CGI/1.1'
    'SERVER_PROTOCOL' => 'HTTP/1.1'
    'REQUEST_METHOD' => 'GET'
    'QUERY_STRING' => ''
    'REQUEST_URI' => '/v1/post/index/'
    'SCRIPT_NAME' => '/index.php'
    'PHP_SELF' => '/index.php'
    'REQUEST_TIME_FLOAT' => 1668672670.562
    'REQUEST_TIME' => 1668672670
]
2022-11-17 08:11:11 [127.0.0.1][-][-][error][yii\di\NotInstantiableException] ReflectionException: Class "app\api\modules\v1\Module" does not exist in /home/hana/basic/vendor/yiisoft/yii2/di/Container.php:507
Stack trace:
#0 /home/hana/basic/vendor/yiisoft/yii2/di/Container.php(507): ReflectionClass->__construct()
#1 /home/hana/basic/vendor/yiisoft/yii2/di/Container.php(385): yii\di\Container->getDependencies()
#2 /home/hana/basic/vendor/yiisoft/yii2/di/Container.php(170): yii\di\Container->build()
#3 /home/hana/basic/vendor/yiisoft/yii2/BaseYii.php(365): yii\di\Container->get()
#4 /home/hana/basic/vendor/yiisoft/yii2/base/Module.php(445): yii\BaseYii::createObject()
#5 /home/hana/basic/vendor/yiisoft/yii2/base/Module.php(610): yii\base\Module->getModule()
#6 /home/hana/basic/vendor/yiisoft/yii2/base/Module.php(546): yii\base\Module->createController()
#7 /home/hana/basic/vendor/yiisoft/yii2/web/Application.php(103): yii\base\Module->runAction()
#8 /home/hana/basic/vendor/yiisoft/yii2/base/Application.php(384): yii\web\Application->handleRequest()
#9 /home/hana/basic/api/index.php(13): yii\base\Application->run()
#10 {main}

Next yii\di\NotInstantiableException: Failed to instantiate component or class "app\api\modules\v1\Module". in /home/hana/basic/vendor/yiisoft/yii2/di/Container.php:509
Stack trace:
#0 /home/hana/basic/vendor/yiisoft/yii2/di/Container.php(385): yii\di\Container->getDependencies()
#1 /home/hana/basic/vendor/yiisoft/yii2/di/Container.php(170): yii\di\Container->build()
#2 /home/hana/basic/vendor/yiisoft/yii2/BaseYii.php(365): yii\di\Container->get()
#3 /home/hana/basic/vendor/yiisoft/yii2/base/Module.php(445): yii\BaseYii::createObject()
#4 /home/hana/basic/vendor/yiisoft/yii2/base/Module.php(610): yii\base\Module->getModule()
#5 /home/hana/basic/vendor/yiisoft/yii2/base/Module.php(546): yii\base\Module->createController()
#6 /home/hana/basic/vendor/yiisoft/yii2/web/Application.php(103): yii\base\Module->runAction()
#7 /home/hana/basic/vendor/yiisoft/yii2/base/Application.php(384): yii\web\Application->handleRequest()
#8 /home/hana/basic/api/index.php(13): yii\base\Application->run()
#9 {main}
2022-11-17 08:11:11 [127.0.0.1][-][-][info][application] $_GET = []

$_POST = []

$_FILES = []

$_COOKIE = []

$_SERVER = [
    'REDIRECT_SCRIPT_URL' => '/v1/post/index/'
    'REDIRECT_SCRIPT_URI' => 'http://yii2-api.local/v1/post/index/'
    'REDIRECT_STATUS' => '200'
    'SCRIPT_URL' => '/v1/post/index/'
    'SCRIPT_URI' => 'http://yii2-api.local/v1/post/index/'
    'HTTP_HOST' => 'yii2-api.local'
    'HTTP_CONNECTION' => 'keep-alive'
    'HTTP_PRAGMA' => 'no-cache'
    'HTTP_CACHE_CONTROL' => 'no-cache'
    'HTTP_UPGRADE_INSECURE_REQUESTS' => '1'
    'HTTP_USER_AGENT' => 'Mozilla/5.0 (X11; Linux x86_64) AppleWebKit/537.36 (KHTML, like Gecko) Chrome/106.0.0.0 Safari/537.36'
    'HTTP_ACCEPT' => 'text/html,application/xhtml+xml,application/xml;q=0.9,image/avif,image/webp,image/apng,*/*;q=0.8,application/signed-exchange;v=b3;q=0.9'
    'HTTP_ACCEPT_ENCODING' => 'gzip, deflate'
    'HTTP_ACCEPT_LANGUAGE' => 'en-US,en;q=0.9'
    'PATH' => '/usr/local/sbin:/usr/local/bin:/usr/sbin:/usr/bin:/sbin:/bin:/snap/bin'
    'SERVER_SIGNATURE' => '<address>Apache/2.4.52 (Ubuntu) Server at yii2-api.local Port 80</address>
'
    'SERVER_SOFTWARE' => 'Apache/2.4.52 (Ubuntu)'
    'SERVER_NAME' => 'yii2-api.local'
    'SERVER_ADDR' => '127.0.0.1'
    'SERVER_PORT' => '80'
    'REMOTE_ADDR' => '127.0.0.1'
    'DOCUMENT_ROOT' => '/home/hana/basic/api/'
    'REQUEST_SCHEME' => 'http'
    'CONTEXT_PREFIX' => ''
    'CONTEXT_DOCUMENT_ROOT' => '/home/hana/basic/api/'
    'SERVER_ADMIN' => 'admin@example.com'
    'SCRIPT_FILENAME' => '/home/hana/basic/api/index.php'
    'REMOTE_PORT' => '46532'
    'REDIRECT_URL' => '/v1/post/index/'
    'GATEWAY_INTERFACE' => 'CGI/1.1'
    'SERVER_PROTOCOL' => 'HTTP/1.1'
    'REQUEST_METHOD' => 'GET'
    'QUERY_STRING' => ''
    'REQUEST_URI' => '/v1/post/index/'
    'SCRIPT_NAME' => '/index.php'
    'PHP_SELF' => '/index.php'
    'REQUEST_TIME_FLOAT' => 1668672671.2686
    'REQUEST_TIME' => 1668672671
]
